<?xml version="1.0" encoding="UTF-8"?>
<!-- Generated by org.testng.reporters.JUnitReportReporter -->
<testsuite skipped="0" hostname="LIN51007546" name="com.companyName.ProjectName.rough.TryCatchBlock" tests="1" failures="0" timestamp="24 Oct 2020 04:15:56 GMT" time="0.024" errors="0">
  <testcase name="tryCatchBlock" time="0.024" classname="com.companyName.ProjectName.rough.TryCatchBlock"/>
</testsuite> <!-- com.companyName.ProjectName.rough.TryCatchBlock -->
