<?xml version="1.0" encoding="UTF-8"?>
<!-- Generated by org.testng.reporters.JUnitReportReporter -->
<testsuite skipped="0" hostname="LIN51007546" name="com.companyName.ProjectName.TestCases.TC03_CreateNewAndVerifyExistingUser" tests="1" failures="0" timestamp="22 Nov 2020 04:23:43 GMT" time="14.304" errors="0">
  <testcase name="createNewAndVerifyExistingUser" time="14.304" classname="com.companyName.ProjectName.TestCases.TC03_CreateNewAndVerifyExistingUser"/>
</testsuite> <!-- com.companyName.ProjectName.TestCases.TC03_CreateNewAndVerifyExistingUser -->
