<?xml version="1.0" encoding="UTF-8"?>
<!-- Generated by org.testng.reporters.JUnitReportReporter -->
<testsuite skipped="0" hostname="LIN51007546" name="companyName.ProjectName.TestCases.Login_Test" tests="1" failures="0" timestamp="14 Oct 2020 06:42:11 GMT" time="31.935" errors="0">
  <testcase name="login_Test" time="31.935" classname="companyName.ProjectName.TestCases.Login_Test"/>
</testsuite> <!-- companyName.ProjectName.TestCases.Login_Test -->
