<?xml version="1.0" encoding="UTF-8"?>
<!-- Generated by org.testng.reporters.JUnitReportReporter -->
<testsuite skipped="1" hostname="LIN51007546" name="com.companyName.ProjectName.TestCases.Login_Test_New2" tests="1" failures="0" timestamp="23 Oct 2020 07:27:29 GMT" time="0.000" errors="0">
  <testcase name="login_Test_New2" time="0.000" classname="com.companyName.ProjectName.TestCases.Login_Test_New2">
    <skipped/>
  </testcase> <!-- login_Test_New2 -->
</testsuite> <!-- com.companyName.ProjectName.TestCases.Login_Test_New2 -->
