<?xml version="1.0" encoding="UTF-8"?>
<!-- Generated by org.testng.reporters.JUnitReportReporter -->
<testsuite skipped="0" hostname="LIN51007546" name="com.companyName.ProjectName.TestCases.TC01_CreatAnAccountNewCustomer" tests="1" failures="0" timestamp="31 Oct 2020 05:38:15 GMT" time="19.051" errors="0">
  <testcase name="creatAnAccountNewCustomer" time="19.051" classname="com.companyName.ProjectName.TestCases.TC01_CreatAnAccountNewCustomer"/>
</testsuite> <!-- com.companyName.ProjectName.TestCases.TC01_CreatAnAccountNewCustomer -->
