<?xml version="1.0" encoding="UTF-8"?>
<!-- Generated by org.testng.reporters.JUnitReportReporter -->
<testsuite skipped="1" hostname="LIN51007546" name="com.companyName.ProjectName.TestCases.Login_Test2" tests="1" failures="0" timestamp="31 Oct 2020 05:38:15 GMT" time="0.001" errors="0">
  <testcase name="login_Test2" time="0.001" classname="com.companyName.ProjectName.TestCases.Login_Test2">
    <skipped/>
  </testcase> <!-- login_Test2 -->
</testsuite> <!-- com.companyName.ProjectName.TestCases.Login_Test2 -->
