<?xml version="1.0" encoding="UTF-8"?>
<!-- Generated by org.testng.reporters.JUnitReportReporter -->
<testsuite skipped="0" hostname="LIN51007546" name="com.companyName.ProjectName.TestCases.Login_Test_New" tests="1" failures="0" timestamp="23 Oct 2020 07:27:29 GMT" time="23.466" errors="0">
  <testcase name="login_Test3" time="23.466" classname="com.companyName.ProjectName.TestCases.Login_Test_New"/>
</testsuite> <!-- com.companyName.ProjectName.TestCases.Login_Test_New -->
