<?xml version="1.0" encoding="UTF-8"?>
<!-- Generated by org.testng.reporters.JUnitReportReporter -->
<testsuite skipped="0" hostname="LIN51007546" name="com.companyName.ProjectName.TestCases.TC02_VerfityAlreadyRegisterUser" tests="1" failures="0" timestamp="22 Nov 2020 04:23:43 GMT" time="14.511" errors="0">
  <testcase name="verfityAlreadyRegisterUser" time="14.511" classname="com.companyName.ProjectName.TestCases.TC02_VerfityAlreadyRegisterUser"/>
</testsuite> <!-- com.companyName.ProjectName.TestCases.TC02_VerfityAlreadyRegisterUser -->
