<?xml version="1.0" encoding="UTF-8"?>
<!-- Generated by org.testng.reporters.JUnitReportReporter -->
<testsuite skipped="1" hostname="LIN51007546" name="com.companyName.ProjectName.TestCases.TC03_CreateNewAndVerifyExistingUser" tests="1" failures="0" timestamp="08 Nov 2020 03:50:01 GMT" time="0.000" errors="0">
  <testcase name="createNewAndVerifyExistingUser" time="0.000" classname="com.companyName.ProjectName.TestCases.TC03_CreateNewAndVerifyExistingUser">
    <skipped/>
  </testcase> <!-- createNewAndVerifyExistingUser -->
</testsuite> <!-- com.companyName.ProjectName.TestCases.TC03_CreateNewAndVerifyExistingUser -->
