<?xml version="1.0" encoding="UTF-8"?>
<!-- Generated by org.testng.reporters.JUnitReportReporter -->
<testsuite skipped="1" hostname="LIN51007546" name="companyName.ProjectName.TestCases.Login_Test3" tests="1" failures="0" timestamp="14 Oct 2020 06:42:11 GMT" time="0.000" errors="0">
  <testcase name="login_Test3" time="0.000" classname="companyName.ProjectName.TestCases.Login_Test3">
    <skipped/>
  </testcase> <!-- login_Test3 -->
</testsuite> <!-- companyName.ProjectName.TestCases.Login_Test3 -->
